2025-06-09 09:21:11,139 CRIT Supervisor is running as root.  Privileges were not dropped because no user is specified in the config file.  If you intend to run as root, you can set user=root in the config file to avoid this message.
2025-06-09 09:21:11,153 INFO supervisord started with pid 1
2025-06-09 09:21:12,174 INFO spawned: 'bootrun' with pid 7
2025-06-09 09:21:12,194 INFO spawned: 'watcher' with pid 8
2025-06-09 09:21:13,204 INFO success: bootrun entered RUNNING state, process has stayed up for > than 1 seconds (startsecs)
2025-06-09 09:21:13,209 INFO success: watcher entered RUNNING state, process has stayed up for > than 1 seconds (startsecs)
2025-06-09 09:23:13,796 WARN exited: bootrun (exit status 1; not expected)
2025-06-09 09:23:15,042 INFO spawned: 'bootrun' with pid 74
2025-06-09 09:23:16,063 INFO success: bootrun entered RUNNING state, process has stayed up for > than 1 seconds (startsecs)
2025-06-09 09:23:45,347 WARN exited: bootrun (exit status 1; not expected)
2025-06-09 09:23:45,437 INFO spawned: 'bootrun' with pid 234
2025-06-09 09:23:45,454 WARN exited: watcher (exit status 1; not expected)
2025-06-09 09:23:46,462 INFO success: bootrun entered RUNNING state, process has stayed up for > than 1 seconds (startsecs)
2025-06-09 09:23:46,490 INFO spawned: 'watcher' with pid 262
2025-06-09 09:23:47,499 INFO success: watcher entered RUNNING state, process has stayed up for > than 1 seconds (startsecs)
2025-06-09 09:23:52,512 WARN exited: bootrun (exit status 1; not expected)
2025-06-09 09:23:52,602 INFO spawned: 'bootrun' with pid 309
2025-06-09 09:23:54,097 INFO success: bootrun entered RUNNING state, process has stayed up for > than 1 seconds (startsecs)
2025-06-09 09:23:54,100 WARN exited: watcher (exit status 1; not expected)
2025-06-09 09:23:55,143 INFO spawned: 'watcher' with pid 340
2025-06-09 09:23:56,148 INFO success: watcher entered RUNNING state, process has stayed up for > than 1 seconds (startsecs)
2025-06-09 09:23:59,525 WARN exited: bootrun (exit status 1; not expected)
2025-06-09 09:24:00,377 INFO spawned: 'bootrun' with pid 385
2025-06-09 09:24:01,644 INFO success: bootrun entered RUNNING state, process has stayed up for > than 1 seconds (startsecs)
2025-06-09 09:24:01,650 WARN exited: watcher (exit status 1; not expected)
2025-06-09 09:24:02,739 INFO spawned: 'watcher' with pid 417
2025-06-09 09:24:03,745 INFO success: watcher entered RUNNING state, process has stayed up for > than 1 seconds (startsecs)
2025-06-09 09:24:04,785 INFO reaped unknown pid 118 (exit status 0)
2025-06-09 09:24:38,148 WARN exited: bootrun (exit status 1; not expected)
2025-06-09 09:24:38,827 INFO spawned: 'bootrun' with pid 545
2025-06-09 09:24:38,840 WARN exited: watcher (exit status 1; not expected)
2025-06-09 09:24:39,853 INFO success: bootrun entered RUNNING state, process has stayed up for > than 1 seconds (startsecs)
2025-06-09 09:24:39,935 INFO spawned: 'watcher' with pid 562
2025-06-09 09:24:40,963 INFO success: watcher entered RUNNING state, process has stayed up for > than 1 seconds (startsecs)
2025-06-09 09:24:45,456 WARN exited: watcher (exit status 1; not expected)
2025-06-09 09:24:45,458 WARN exited: bootrun (exit status 1; not expected)
2025-06-09 09:24:46,497 INFO spawned: 'bootrun' with pid 622
2025-06-09 09:24:46,553 INFO spawned: 'watcher' with pid 623
2025-06-09 09:24:47,564 INFO success: bootrun entered RUNNING state, process has stayed up for > than 1 seconds (startsecs)
2025-06-09 09:24:47,567 INFO success: watcher entered RUNNING state, process has stayed up for > than 1 seconds (startsecs)
2025-06-09 09:24:50,093 WARN exited: watcher (exit status 1; not expected)
2025-06-09 09:24:50,110 INFO spawned: 'watcher' with pid 695
2025-06-09 09:24:51,354 INFO success: watcher entered RUNNING state, process has stayed up for > than 1 seconds (startsecs)
2025-06-09 09:24:51,355 WARN exited: bootrun (exit status 1; not expected)
2025-06-09 09:24:52,373 INFO spawned: 'bootrun' with pid 726
2025-06-09 09:24:53,396 INFO success: bootrun entered RUNNING state, process has stayed up for > than 1 seconds (startsecs)
2025-06-09 09:24:55,369 WARN exited: watcher (exit status 1; not expected)
2025-06-09 09:24:56,431 INFO spawned: 'watcher' with pid 763
2025-06-09 09:24:58,173 INFO success: watcher entered RUNNING state, process has stayed up for > than 1 seconds (startsecs)
2025-06-09 09:24:58,175 WARN exited: bootrun (exit status 1; not expected)
2025-06-09 09:24:59,188 INFO spawned: 'bootrun' with pid 800
2025-06-09 09:25:00,487 INFO success: bootrun entered RUNNING state, process has stayed up for > than 1 seconds (startsecs)
2025-06-09 09:25:00,489 WARN exited: watcher (exit status 1; not expected)
2025-06-09 09:25:01,508 INFO spawned: 'watcher' with pid 837
2025-06-09 09:25:02,502 INFO success: watcher entered RUNNING state, process has stayed up for > than 1 seconds (startsecs)
2025-06-09 09:25:02,504 WARN exited: bootrun (exit status 1; not expected)
2025-06-09 09:25:03,525 INFO spawned: 'bootrun' with pid 873
2025-06-09 09:25:04,532 INFO success: bootrun entered RUNNING state, process has stayed up for > than 1 seconds (startsecs)
2025-06-09 09:25:04,557 INFO reaped unknown pid 470 (exit status 0)
2025-06-09 09:25:07,360 WARN exited: watcher (exit status 1; not expected)
2025-06-09 09:25:08,373 INFO spawned: 'watcher' with pid 927
2025-06-09 09:25:09,377 INFO success: watcher entered RUNNING state, process has stayed up for > than 1 seconds (startsecs)
2025-06-09 09:25:50,529 WARN exited: watcher (exit status 1; not expected)
2025-06-09 09:25:51,594 INFO spawned: 'watcher' with pid 1138
2025-06-09 09:25:52,647 INFO success: watcher entered RUNNING state, process has stayed up for > than 1 seconds (startsecs)
2025-06-09 15:33:15,992 WARN received SIGTERM indicating exit request
2025-06-09 15:33:16,050 INFO waiting for bootrun, watcher to die
2025-06-09 15:33:17,637 WARN stopped: watcher (exit status 143)
2025-06-09 15:33:19,073 INFO waiting for bootrun to die
2025-06-09 15:33:20,089 WARN stopped: bootrun (exit status 143)
2025-06-09 15:35:09,116 CRIT Supervisor is running as root.  Privileges were not dropped because no user is specified in the config file.  If you intend to run as root, you can set user=root in the config file to avoid this message.
2025-06-09 15:35:09,150 INFO supervisord started with pid 1
2025-06-09 15:35:10,232 INFO spawned: 'bootrun' with pid 7
2025-06-09 15:35:10,266 INFO spawned: 'watcher' with pid 8
2025-06-09 15:35:11,272 INFO success: bootrun entered RUNNING state, process has stayed up for > than 1 seconds (startsecs)
2025-06-09 15:35:11,273 INFO success: watcher entered RUNNING state, process has stayed up for > than 1 seconds (startsecs)
